2024/11/06 09:22:30 main.go:62: Running process: clean_games for date: 2024-10-22
2024/11/06 09:22:30 clean_raw_game.go:53: Found 2 games in DB
2024/11/06 09:22:30 utils.go:87: Upserted 0 documents
2024/11/06 09:22:30 main.go:83: Exiting program with success!
2024/11/06 09:22:30 main.go:84: 
2024/11/06 09:44:43 main.go:64: Running process: clean_games for date: 2024-10-22
2024/11/06 09:44:43 clean_raw_game.go:53: Found 2 games in DB
2024/11/06 09:44:43 utils.go:87: Upserted 0 documents
2024/11/06 09:44:43 main.go:85: Exiting program with success!
2024/11/06 09:44:43 main.go:86: 
2024/11/06 22:24:27 main.go:64: Running process: clean_games for date: 2024-10-22
2024/11/06 22:24:27 clean_raw_game.go:53: Found 2 games in DB
2024/11/06 22:24:27 utils.go:87: Upserted 0 documents
2024/11/06 22:24:27 main.go:85: Exiting program with success!
2024/11/06 22:24:27 main.go:86: 
2024/11/06 22:30:12 main.go:64: Running process: clean_games for date: 2024-10-22
2024/11/06 22:30:12 clean_raw_game.go:53: Found 2 games in DB
2024/11/06 22:30:12 utils.go:87: Upserted 0 documents
2024/11/06 22:30:12 main.go:85: Exiting program with success!
2024/11/06 22:30:12 main.go:86: 
2024/11/06 22:30:29 clean_raw_game.go:53: Found 2 games in DB
2024/11/06 22:30:29 utils.go:87: Upserted 0 documents
2024/11/06 22:30:29 main.go:87: Exiting program with success!
2024/11/06 22:30:29 main.go:88: 
2024/11/06 23:43:53 utils.go:108: Found 2 processed games in DB
2024/11/06 23:43:53 combine_games_odds_to_csv.go:169: For csv games_summary_data.csv inserted 0 new rows and updated 2 rows
2024/11/06 23:43:53 combine_games_odds_to_csv.go:169: For csv game_play_by_play_data.csv inserted 0 new rows and updated 194 rows
2024/11/06 23:56:13 main.go:74: Running process: clean_games for date: 2024-10-22
2024/11/06 23:56:13 clean_raw_game.go:53: Found 2 games in DB
2024/11/06 23:56:13 utils.go:87: Upserted 0 documents
2024/11/06 23:56:13 main.go:95: Exiting program with success!
2024/11/06 23:56:13 main.go:96: 
2024/11/06 23:59:47 main.go:74: Running process: clean_games for date: 2024-10-22
2024/11/06 23:59:47 clean_raw_game.go:53: Found 2 games in DB
2024/11/06 23:59:47 utils.go:87: Upserted 0 documents
2024/11/06 23:59:47 main.go:95: Exiting program with success!
2024/11/06 23:59:47 main.go:96: 
2024/11/07 00:05:54 main.go:74: Running process: clean_games for date: 2024-10-22
2024/11/07 00:05:54 clean_raw_game.go:53: Found 2 games in DB
2024/11/07 00:05:54 utils.go:87: Upserted 0 documents
2024/11/07 00:05:54 main.go:95: Exiting program with success!
2024/11/07 00:05:54 main.go:96: 
2024/11/07 00:07:49 main.go:74: Running process: clean_games for date: 2024-10-22
2024/11/07 00:07:49 clean_raw_game.go:53: Found 2 games in DB
2024/11/07 00:07:49 utils.go:87: Upserted 0 documents
2024/11/07 00:07:49 main.go:95: Exiting program with success!
2024/11/07 00:07:49 main.go:96: 
2024/11/07 00:12:01 main.go:74: Running process: clean_games for date: 2024-1022
2024/11/07 00:12:02 clean_raw_game.go:53: Found 0 games in DB
2024/11/07 00:12:02 utils.go:81: Found 0 rows to upsert
2024/11/07 00:12:02 main.go:95: Exiting program with success!
2024/11/07 00:12:02 main.go:96: 
2024/11/07 00:12:32 main.go:74: Running process: clean_games for date: 2024-10-22
2024/11/07 00:12:32 clean_raw_game.go:53: Found 2 games in DB
2024/11/07 00:12:32 utils.go:87: Upserted 0 documents
2024/11/07 00:12:32 main.go:95: Exiting program with success!
2024/11/07 00:12:32 main.go:96: 
2024/11/07 00:12:51 main.go:74: Running process: clean_games for date: 2024-10-22
2024/11/07 00:12:52 clean_raw_game.go:53: Found 2 games in DB
2024/11/07 00:12:52 utils.go:87: Upserted 0 documents
2024/11/07 00:12:52 main.go:95: Exiting program with success!
2024/11/07 00:12:52 main.go:96: 
2024/11/07 00:14:02 main.go:74: Running process: clean_games for date: 2024-10-22
2024/11/07 00:14:02 clean_raw_game.go:53: Found 2 games in DB
2024/11/07 00:14:02 utils.go:87: Upserted 0 documents
2024/11/07 00:14:02 main.go:95: Exiting program with success!
2024/11/07 00:14:02 main.go:96: 
2024/11/07 00:14:52 main.go:74: Running process: clean_games for date: 2024-10-22
2024/11/07 00:14:52 clean_raw_game.go:53: Found 2 games in DB
2024/11/07 00:14:52 utils.go:87: Upserted 0 documents
2024/11/07 00:14:52 main.go:95: Exiting program with success!
2024/11/07 00:14:52 main.go:96: 
2024/11/07 00:15:38 main.go:74: Running process: clean_games for date: 2024-10-22
2024/11/07 00:15:38 clean_raw_game.go:53: Found 2 games in DB
2024/11/07 00:15:38 utils.go:87: Upserted 0 documents
2024/11/07 00:15:38 main.go:95: Exiting program with success!
2024/11/07 00:15:38 main.go:96: 
2024/11/07 09:30:18 main.go:75: Running process: clean_games for date: 2024-10-22
2024/11/07 09:30:18 clean_raw_game.go:53: Found 2 games in DB
2024/11/07 09:30:18 utils.go:87: Upserted 0 documents
2024/11/07 09:30:18 main.go:96: Exiting program with success!
2024/11/07 09:30:18 main.go:97: 
2024/11/07 09:30:45 main.go:75: Running process: clean_games for date: 2024-10-22
2024/11/07 09:30:45 clean_raw_game.go:53: Found 2 games in DB
2024/11/07 09:30:45 utils.go:87: Upserted 0 documents
2024/11/07 09:30:45 main.go:96: Exiting program with success!
2024/11/07 09:30:45 main.go:97: 
2024/11/07 09:32:47 main.go:75: Running process: clean_games for date: 2024-10-22
2024/11/07 09:32:47 clean_raw_game.go:53: Found 2 games in DB
2024/11/07 09:32:47 utils.go:87: Upserted 0 documents
2024/11/07 09:32:47 main.go:96: Exiting program with success!
2024/11/07 09:32:47 main.go:97: 
2024/11/07 09:33:00 main.go:75: Running process: clean_games for date: 2024-10-22
2024/11/07 09:33:04 clean_raw_game.go:53: Found 2 games in DB
2024/11/07 09:33:04 utils.go:87: Upserted 0 documents
2024/11/07 09:33:04 main.go:96: Exiting program with success!
2024/11/07 09:33:04 main.go:97: 
2024/11/07 09:38:59 main.go:75: Running process: clean_games for date: 2024-11-07
2024/11/07 09:38:59 clean_raw_game.go:53: Found 0 games in DB
2024/11/07 09:38:59 utils.go:81: Found 0 rows to upsert
2024/11/07 09:38:59 main.go:96: Exiting program with success!
2024/11/07 09:38:59 main.go:97: 
2024/11/07 09:39:08 main.go:75: Running process: clean_games for date: 2024-11-07
2024/11/07 09:39:08 clean_raw_game.go:53: Found 0 games in DB
2024/11/07 09:39:08 utils.go:81: Found 0 rows to upsert
2024/11/07 09:39:08 main.go:96: Exiting program with success!
2024/11/07 09:39:08 main.go:97: 
2024/11/07 09:39:20 main.go:75: Running process: clean_games for date: 2024-11-07
2024/11/07 09:39:20 clean_raw_game.go:53: Found 0 games in DB
2024/11/07 09:39:20 utils.go:81: Found 0 rows to upsert
2024/11/07 09:39:20 main.go:96: Exiting program with success!
2024/11/07 09:39:20 main.go:97: 
2024/11/07 09:40:02 main.go:75: Running process: clean_games for date: 2024-11-07
2024/11/07 09:40:02 clean_raw_game.go:53: Found 0 games in DB
2024/11/07 09:40:02 utils.go:81: Found 0 rows to upsert
2024/11/07 09:40:02 main.go:96: Exiting program with success!
2024/11/07 09:40:02 main.go:97: 
2024/11/07 09:40:23 main.go:75: Running process: clean_games for date: 2024-11-07
2024/11/07 09:40:23 clean_raw_game.go:53: Found 0 games in DB
2024/11/07 09:40:23 utils.go:81: Found 0 rows to upsert
2024/11/07 09:40:23 main.go:96: Exiting program with success!
2024/11/07 09:40:23 main.go:97: 
2024/11/07 09:40:50 main.go:75: Running process: clean_games for date: 2024-11-07
2024/11/07 09:40:50 clean_raw_game.go:53: Found 0 games in DB
2024/11/07 09:40:50 utils.go:81: Found 0 rows to upsert
2024/11/07 09:40:50 main.go:96: Exiting program with success!
2024/11/07 09:40:50 main.go:97: 
2024/11/11 09:58:57 main.go:75: Running process: combine_game_and_odds for date: 2024-11-11
2024/11/11 09:58:57 utils.go:108: Found 0 processed games in DB
2024/11/11 09:58:57 combine_games_odds_to_csv.go:169: For csv games_summary_data.csv inserted 0 new rows and updated 0 rows
2024/11/11 09:58:57 combine_games_odds_to_csv.go:169: For csv game_play_by_play_data.csv inserted 0 new rows and updated 0 rows
2024/11/11 09:58:57 main.go:96: Exiting program with success!
2024/11/11 09:58:57 main.go:97: 
2024/11/11 09:58:58 main.go:75: Running process: fetch_raw_odds for date: 2024-11-11
2024/11/11 09:59:04 fetch_odds.go:39: Fetched 3 new odds responses from source
2024/11/11 09:59:04 utils.go:87: Upserted 3 documents
2024/11/11 09:59:04 main.go:96: Exiting program with success!
2024/11/11 09:59:04 main.go:97: 
2024/11/11 09:59:06 main.go:75: Running process: clean_games for date: 2024-11-11
2024/11/11 09:59:06 clean_raw_game.go:53: Found 0 games in DB
2024/11/11 09:59:06 utils.go:81: Found 0 rows to upsert
2024/11/11 09:59:06 main.go:96: Exiting program with success!
2024/11/11 09:59:06 main.go:97: 
2024/11/11 09:59:07 main.go:75: Running process: clean_raw_odds for date: 2024-11-11
2024/11/11 09:59:07 utils.go:108: Found 0 processed games in DB
2024/11/11 09:59:07 utils.go:81: Found 0 rows to upsert
2024/11/11 09:59:07 main.go:96: Exiting program with success!
2024/11/11 09:59:07 main.go:97: 
2024/11/11 19:00:32 main.go:75: Running process: fetch_raw_odds for date: 2024-11-11
2024/11/11 19:00:32 fetch_odds.go:39: Fetched 0 new odds responses from source
2024/11/11 19:00:32 utils.go:81: Found 0 rows to upsert
2024/11/11 19:00:32 main.go:96: Exiting program with success!
2024/11/11 19:00:32 main.go:97: 
2024/11/11 19:00:55 main.go:75: Running process: clean_raw_odds for date: 2024-11-11
2024/11/11 19:00:55 utils.go:108: Found 0 processed games in DB
2024/11/11 19:00:55 utils.go:81: Found 0 rows to upsert
2024/11/11 19:00:55 main.go:96: Exiting program with success!
2024/11/11 19:00:55 main.go:97: 
2024/11/12 00:01:58 main.go:75: Running process: fetch_raw_odds for date: 2024-11-12
2024/11/12 00:02:00 fetch_odds.go:39: Fetched 3 new odds responses from source
2024/11/12 00:02:00 utils.go:87: Upserted 3 documents
2024/11/12 00:02:00 main.go:96: Exiting program with success!
2024/11/12 00:02:00 main.go:97: 
2024/11/12 00:02:02 main.go:75: Running process: clean_raw_odds for date: 2024-11-12
2024/11/12 00:02:02 utils.go:108: Found 0 processed games in DB
2024/11/12 00:02:02 utils.go:81: Found 0 rows to upsert
2024/11/12 00:02:02 main.go:96: Exiting program with success!
2024/11/12 00:02:02 main.go:97: 
2024/11/12 00:03:52 main.go:75: Running process: clean_games for date: 2024-11-12
2024/11/12 00:03:52 clean_raw_game.go:53: Found 0 games in DB
2024/11/12 00:03:52 utils.go:81: Found 0 rows to upsert
2024/11/12 00:03:52 main.go:96: Exiting program with success!
2024/11/12 00:03:52 main.go:97: 
2024/11/12 00:08:54 main.go:75: Running process: fetch_raw_odds for date: 2024-11-12
2024/11/12 00:08:55 fetch_odds.go:39: Fetched 0 new odds responses from source
2024/11/12 00:08:55 utils.go:81: Found 0 rows to upsert
2024/11/12 00:08:55 main.go:96: Exiting program with success!
2024/11/12 00:08:55 main.go:97: 
2024/11/12 00:08:56 main.go:75: Running process: clean_raw_odds for date: 2024-11-12
2024/11/12 00:08:56 utils.go:108: Found 0 processed games in DB
2024/11/12 00:08:56 utils.go:81: Found 0 rows to upsert
2024/11/12 00:08:56 main.go:96: Exiting program with success!
2024/11/12 00:08:56 main.go:97: 
2024/11/12 00:08:57 main.go:75: Running process: combine_game_and_odds for date: 2024-11-12
2024/11/12 00:08:57 utils.go:108: Found 0 processed games in DB
2024/11/12 00:08:57 combine_games_odds_to_csv.go:169: For csv games_summary_data.csv inserted 0 new rows and updated 0 rows
2024/11/12 00:08:57 combine_games_odds_to_csv.go:169: For csv game_play_by_play_data.csv inserted 0 new rows and updated 0 rows
2024/11/12 00:08:57 main.go:96: Exiting program with success!
2024/11/12 00:08:57 main.go:97: 
2024/11/12 08:57:53 main.go:76: Running process: fetch_odds for date: 2024-10-23
2024/11/12 08:57:53 main.go:89: Incorrect process type parameter
2024/11/12 08:58:15 main.go:76: Running process: fetch_raw_odds for date: 2024-10-23
2024/11/12 08:58:19 fetch_odds.go:39: Fetched 3 new odds responses from source
2024/11/12 08:58:20 utils.go:87: Upserted 3 documents
2024/11/12 08:58:20 main.go:97: Exiting program with success!
2024/11/12 08:58:20 main.go:98: 
2024/11/12 08:59:50 main.go:76: Running process: clean_raw_odds for date: 2024-10-23
2024/11/12 08:59:50 utils.go:108: Found 0 processed games in DB
2024/11/12 08:59:50 utils.go:81: Found 0 rows to upsert
2024/11/12 08:59:50 main.go:97: Exiting program with success!
2024/11/12 08:59:50 main.go:98: 
2024/11/12 09:02:10 main.go:76: Running process: clean_games for date: 2024-10-23
2024/11/12 09:02:10 clean_raw_game.go:53: Found 10 games in DB
2024/11/12 09:02:10 utils.go:87: Upserted 10 documents
2024/11/12 09:02:10 main.go:97: Exiting program with success!
2024/11/12 09:02:10 main.go:98: 
2024/11/12 09:06:39 main.go:76: Running process: clean_raw_odds for date: 2024-10-23
2024/11/12 09:06:39 utils.go:108: Found 10 processed games in DB
2024/11/12 09:06:40 utils.go:87: Upserted 10 documents
2024/11/12 09:06:40 main.go:97: Exiting program with success!
2024/11/12 09:06:40 main.go:98: 
2024/11/12 09:09:10 main.go:76: Running process: combine_game_and_odds for date: 2024-10-23
2024/11/12 09:09:10 utils.go:108: Found 10 processed games in DB
2024/11/12 09:09:10 combine_games_odds_to_csv.go:169: For csv games_summary_data.csv inserted 10 new rows and updated 0 rows
2024/11/12 09:09:10 combine_games_odds_to_csv.go:169: For csv game_play_by_play_data.csv inserted 994 new rows and updated 0 rows
2024/11/12 09:09:10 main.go:97: Exiting program with success!
2024/11/12 09:09:10 main.go:98: 
2024/11/12 09:31:32 main.go:76: Running process: clean_games for date: 2024-10-24
2024/11/12 09:31:33 clean_raw_game.go:53: Found 4 games in DB
2024/11/12 09:31:33 utils.go:91: Upserted 4 documents
2024/11/12 09:31:33 main.go:97: Exiting program with success!
2024/11/12 09:31:33 main.go:98: 
2024/11/12 09:32:22 main.go:76: Running process: clean_raw_odds for date: 2024-10-24
2024/11/12 09:32:22 utils.go:112: Found 4 processed games in DB
2024/11/12 09:32:22 utils.go:91: Upserted 4 documents
2024/11/12 09:32:22 main.go:97: Exiting program with success!
2024/11/12 09:32:22 main.go:98: 
2024/11/12 09:52:21 main.go:77: Running process: combine_game_and_odds for date: 2024-10-24
2024/11/12 09:52:22 utils.go:117: Found 4 processed games in DB
2024/11/12 09:52:22 combine_games_odds_to_csv.go:169: For csv games_summary_data.csv inserted 0 new rows and updated 4 rows
2024/11/12 09:52:22 combine_games_odds_to_csv.go:169: For csv game_play_by_play_data.csv inserted 0 new rows and updated 388 rows
2024/11/12 09:52:22 main.go:98: Exiting program with success!
2024/11/12 09:52:22 main.go:99: 
2024/11/12 10:14:31 main.go:75: Running process: clean_games for date: 2024-11-12
2024/11/12 10:14:31 clean_raw_game.go:53: Found 0 games in DB
2024/11/12 10:14:31 utils.go:81: Found 0 rows to upsert
2024/11/12 10:14:32 main.go:96: Exiting program with success!
2024/11/12 10:14:32 main.go:97: 
2024/11/12 10:14:32 main.go:75: Running process: combine_game_and_odds for date: 2024-11-12
2024/11/12 10:14:33 utils.go:108: Found 0 processed games in DB
2024/11/12 10:14:33 combine_games_odds_to_csv.go:169: For csv games_summary_data.csv inserted 0 new rows and updated 0 rows
2024/11/12 10:14:33 combine_games_odds_to_csv.go:169: For csv game_play_by_play_data.csv inserted 0 new rows and updated 0 rows
2024/11/12 10:14:33 main.go:96: Exiting program with success!
2024/11/12 10:14:33 main.go:97: 
2024/11/12 19:04:52 main.go:75: Running process: fetch_raw_odds for date: 2024-11-12
2024/11/12 19:04:53 fetch_odds.go:39: Fetched 0 new odds responses from source
2024/11/12 19:04:53 utils.go:81: Found 0 rows to upsert
2024/11/12 19:04:53 main.go:96: Exiting program with success!
2024/11/12 19:04:53 main.go:97: 
2024/11/12 19:04:55 main.go:75: Running process: clean_games for date: 2024-11-12
2024/11/12 19:04:55 clean_raw_game.go:53: Found 0 games in DB
2024/11/12 19:04:55 utils.go:81: Found 0 rows to upsert
2024/11/12 19:04:55 main.go:96: Exiting program with success!
2024/11/12 19:04:55 main.go:97: 
2024/11/12 19:04:56 main.go:75: Running process: clean_raw_odds for date: 2024-11-12
2024/11/12 19:04:56 utils.go:108: Found 0 processed games in DB
2024/11/12 19:04:56 utils.go:81: Found 0 rows to upsert
2024/11/12 19:04:56 main.go:96: Exiting program with success!
2024/11/12 19:04:56 main.go:97: 
2024/11/12 19:04:57 main.go:75: Running process: combine_game_and_odds for date: 2024-11-12
2024/11/12 19:04:57 utils.go:108: Found 0 processed games in DB
2024/11/12 19:04:57 combine_games_odds_to_csv.go:169: For csv games_summary_data.csv inserted 0 new rows and updated 0 rows
2024/11/12 19:04:57 combine_games_odds_to_csv.go:169: For csv game_play_by_play_data.csv inserted 0 new rows and updated 0 rows
2024/11/12 19:04:57 main.go:96: Exiting program with success!
2024/11/12 19:04:57 main.go:97: 
2024/11/12 21:14:58 main.go:68: Running process: combine_game_and_odds for date: 2024-10-24
2024/11/12 21:14:58 utils.go:85: Found 4 processed games in DB
2024/11/12 21:14:58 combine_games_odds_to_csv.go:169: For csv games_summary_data.csv inserted 0 new rows and updated 4 rows
2024/11/12 21:14:58 combine_games_odds_to_csv.go:169: For csv game_play_by_play_data.csv inserted 0 new rows and updated 388 rows
2024/11/12 21:14:58 main.go:89: No errors detected. Exiting with success
2024/11/12 21:19:52 main.go:68: Running process: combine_game_and_odds for date: 2024-10-22
2024/11/12 21:19:52 utils.go:85: Found 2 processed games in DB
2024/11/12 21:19:52 combine_games_odds_to_csv.go:170: For csv games_summary_data.csv inserted 0 new rows and updated 2 rows
2024/11/12 21:19:52 combine_games_odds_to_csv.go:170: For csv game_play_by_play_data.csv inserted 0 new rows and updated 194 rows
2024/11/12 21:19:55 main.go:85: Error: test throwing new errir
2024/11/12 21:20:13 main.go:68: Running process: combine_game_and_odds for date: 2024-10-24
2024/11/12 21:20:13 utils.go:85: Found 4 processed games in DB
2024/11/12 21:20:13 combine_games_odds_to_csv.go:170: For csv games_summary_data.csv inserted 0 new rows and updated 4 rows
2024/11/12 21:20:13 combine_games_odds_to_csv.go:170: For csv game_play_by_play_data.csv inserted 0 new rows and updated 388 rows
2024/11/12 21:20:13 main.go:85: Error: test throwing new errir
2024/11/12 21:23:11 main.go:68: Running process: combine_game_and_odds for date: 2024-10-24
2024/11/12 21:23:11 utils.go:85: Found 4 processed games in DB
2024/11/12 21:23:11 main.go:85: Error: open ../games_summary_data.csv: no such file or directory
2024/11/12 21:23:49 main.go:68: Running process: combine_game_and_odds for date: 2024-10-24
2024/11/12 21:23:49 utils.go:85: Found 4 processed games in DB
2024/11/12 21:23:49 main.go:85: Error: open ../games_summary_data.csv: no such file or directory
2024/11/12 21:25:23 main.go:68: Running process: combine_game_and_odds for date: 2024-10-24
2024/11/12 21:25:23 utils.go:85: Found 4 processed games in DB
2024/11/12 21:25:23 combine_games_odds_to_csv.go:169: For csv games_summary_data.csv inserted 4 new rows and updated 0 rows
2024/11/12 21:25:23 main.go:85: Error: open ../game_play_by_play_data.csv: no such file or directory
2024/11/12 21:33:23 main.go:68: Running process: combine_game_and_odds for date: 2024-10-24
2024/11/12 21:33:23 utils.go:85: Found 4 processed games in DB
2024/11/12 21:33:23 combine_games_odds_to_csv.go:170: For csv games_summary_data.csv inserted 0 new rows and updated 4 rows
2024/11/12 21:33:23 combine_games_odds_to_csv.go:170: For csv game_play_by_play_data.csv inserted 0 new rows and updated 388 rows
2024/11/12 21:33:23 utils.go:101: Error: test error here
2024/11/12 21:33:55 main.go:68: Running process: combine_game_and_odds for date: 2024-10-24
2024/11/12 21:33:55 utils.go:85: Found 4 processed games in DB
2024/11/12 21:33:55 combine_games_odds_to_csv.go:169: For csv games_summary_data.csv inserted 0 new rows and updated 4 rows
2024/11/12 21:33:55 combine_games_odds_to_csv.go:169: For csv game_play_by_play_data.csv inserted 0 new rows and updated 388 rows
2024/11/12 21:33:55 main.go:88: No errors detected. Exiting with success
2024/11/12 21:34:11 main.go:68: Running process: combine_game_and_odds for date: 2024-10-24
2024/11/12 21:34:11 utils.go:85: Found 4 processed games in DB
2024/11/12 21:34:11 combine_games_odds_to_csv.go:170: For csv games_summary_data.csv inserted 0 new rows and updated 4 rows
2024/11/12 21:34:11 combine_games_odds_to_csv.go:170: For csv game_play_by_play_data.csv inserted 0 new rows and updated 388 rows
2024/11/12 21:34:11 utils.go:101: Error: test error here
2024/11/12 21:41:17 main.go:68: Running process: combine_game_and_odds for date: 2024-10-24
2024/11/12 21:41:17 utils.go:85: Found 4 processed games in DB
2024/11/12 21:41:17 combine_games_odds_to_csv.go:169: For csv games_summary_data.csv inserted 0 new rows and updated 4 rows
2024/11/12 21:41:17 combine_games_odds_to_csv.go:169: For csv game_play_by_play_data.csv inserted 0 new rows and updated 388 rows
2024/11/12 21:41:17 main.go:88: No errors detected. Exiting with success
2024/11/12 22:35:55 main.go:68: Running process: combine_game_and_odds for date: 2024-10-24
2024/11/12 22:35:55 utils.go:64: Found 4 processed games in DB
2024/11/12 22:35:55 utils.go:70: Error: open csvs/games_summary_data.csv: no such file or directory
2024/11/12 22:36:06 main.go:68: Running process: combine_game_and_odds for date: 2024-10-24
2024/11/12 22:36:06 utils.go:64: Found 4 processed games in DB
2024/11/12 22:36:07 combine_games_odds_to_csv.go:169: For csv games_summary_data.csv inserted 0 new rows and updated 4 rows
2024/11/12 22:36:07 combine_games_odds_to_csv.go:169: For csv game_play_by_play_data.csv inserted 0 new rows and updated 388 rows
2024/11/12 22:36:07 main.go:88: No errors detected. Exiting with success
2024/11/12 22:40:43 main.go:52: Running process: fetch_raw_odds for date: 2024-10-25
2024/11/12 22:40:47 fetch_odds.go:39: Fetched 3 new odds responses from source
2024/11/12 22:40:47 utils.go:43: Upserted 3 documents
2024/11/12 22:40:47 main.go:72: No errors detected. Exiting with success
2024/11/12 22:41:07 main.go:52: Running process: clean_games for date: 2024-10-25
2024/11/12 22:41:07 clean_raw_game.go:53: Found 10 games in DB
2024/11/12 22:41:07 utils.go:43: Upserted 10 documents
2024/11/12 22:41:07 main.go:72: No errors detected. Exiting with success
2024/11/12 22:41:22 main.go:52: Running process: clean_raw_odds for date: 2024-10-25
2024/11/12 22:41:22 utils.go:64: Found 10 processed games in DB
2024/11/12 22:41:22 utils.go:43: Upserted 10 documents
2024/11/12 22:41:22 main.go:72: No errors detected. Exiting with success
2024/11/12 22:41:37 main.go:52: Running process: combine_game_and_odds for date: 2024-10-25
2024/11/12 22:41:37 utils.go:64: Found 10 processed games in DB
2024/11/12 22:41:37 combine_games_odds_to_csv.go:169: For csv games_summary_data.csv inserted 10 new rows and updated 0 rows
2024/11/12 22:41:37 combine_games_odds_to_csv.go:169: For csv game_play_by_play_data.csv inserted 970 new rows and updated 0 rows
2024/11/12 22:41:37 main.go:72: No errors detected. Exiting with success
2024/11/13 09:51:53 main.go:75: Running process: combine_game_and_odds for date: 2024-10-27
2024/11/13 09:51:53 utils.go:108: Found 0 processed games in DB
2024/11/13 09:51:53 combine_games_odds_to_csv.go:169: For csv games_summary_data.csv inserted 0 new rows and updated 0 rows
2024/11/13 09:51:53 combine_games_odds_to_csv.go:169: For csv game_play_by_play_data.csv inserted 0 new rows and updated 0 rows
2024/11/13 09:51:53 main.go:96: Exiting program with success!
2024/11/13 09:51:53 main.go:97: 
2024/11/13 20:07:27 main.go:60: Running process: combine_game_and_odds for date: 2024-10-27
2024/11/13 20:07:27 utils.go:66: Found 0 processed games in DB
2024/11/13 20:07:27 combine_games_odds_to_csv.go:171: For csv games_summary_data.csv inserted 0 new rows and updated 0 rows
2024/11/13 20:07:27 combine_games_odds_to_csv.go:171: For csv game_play_by_play_data.csv inserted 0 new rows and updated 0 rows
2024/11/13 20:07:27 main.go:79: No errors detected. Exiting with success
2024/11/13 20:48:18 main.go:60: Running process: combine_game_and_odds for date: 2024-11-14
2024/11/13 20:48:18 utils.go:66: Found 0 processed games in DB
2024/11/13 20:48:18 combine_games_odds_to_csv.go:171: For csv games_summary_data.csv inserted 0 new rows and updated 0 rows
2024/11/13 20:48:18 combine_games_odds_to_csv.go:171: For csv game_play_by_play_data.csv inserted 0 new rows and updated 0 rows
2024/11/13 20:48:18 main.go:79: No errors detected. Exiting with success
2024/11/13 20:48:51 main.go:60: Running process: combine_game_and_odds for date: 2024-11-14
2024/11/13 20:48:51 utils.go:66: Found 0 processed games in DB
2024/11/13 20:48:51 combine_games_odds_to_csv.go:171: For csv games_summary_data.csv inserted 0 new rows and updated 0 rows
2024/11/13 20:48:51 combine_games_odds_to_csv.go:171: For csv game_play_by_play_data.csv inserted 0 new rows and updated 0 rows
2024/11/13 20:48:51 main.go:79: No errors detected. Exiting with success
2024/11/13 20:49:54 main.go:60: Running process: combine_game_and_odds for date: 2024-10-27
2024/11/13 20:49:54 utils.go:66: Found 0 processed games in DB
2024/11/13 20:49:54 combine_games_odds_to_csv.go:171: For csv games_summary_data.csv inserted 0 new rows and updated 0 rows
2024/11/13 20:49:54 combine_games_odds_to_csv.go:171: For csv game_play_by_play_data.csv inserted 0 new rows and updated 0 rows
2024/11/13 20:49:54 main.go:79: No errors detected. Exiting with success
